#
# A fatal error has been detected by the Java Runtime Environment:
#
#  Internal Error (javaClasses.cpp:136), pid=13580, tid=12336
#  fatal error: Invalid layout of preloaded class
#
# JRE version:  (7.0_55-b13) (build )
# Java VM: Java HotSpot(TM) 64-Bit Server VM (24.55-b03 mixed mode windows-amd64 compressed oops)
# Failed to write core dump. Minidumps are not enabled by default on client versions of Windows
#
# If you would like to submit a bug report, please visit:
#   http://bugreport.sun.com/bugreport/crash.jsp
#

---------------  T H R E A D  ---------------

Current thread (0x00000000027f8000):  JavaThread "Unknown thread" [_thread_in_vm, id=12336, stack(0x00000000029b0000,0x0000000002ab0000)]

Stack: [0x00000000029b0000,0x0000000002ab0000]

---------------  P R O C E S S  ---------------

Java Threads: ( => current thread )

Other Threads:

=>0x00000000027f8000 (exited) JavaThread "Unknown thread" [_thread_in_vm, id=12336, stack(0x00000000029b0000,0x0000000002ab0000)]

VM state:not at safepoint (not fully initialized)

VM Mutex/Monitor currently owned by a thread: None

GC Heap History (0 events):
No events

Deoptimization events (0 events):
No events

Internal exceptions (0 events):
No events

Events (10 events):
Event: 0.579 loading class 0x000000000283ea60 done
Event: 0.580 loading class 0x000000000283e480 done
Event: 0.580 loading class 0x000000000283e460
Event: 0.580 loading class 0x0000000002846560
Event: 0.580 loading class 0x0000000002846560 done
Event: 0.580 loading class 0x0000000002846590
Event: 0.580 loading class 0x0000000002846590 done
Event: 0.580 loading class 0x00000000028465c0
Event: 0.580 loading class 0x00000000028465c0 done
Event: 0.581 loading class 0x000000000283e460 done


Dynamic libraries:
0x000000013f270000 - 0x000000013f2a3000 	C:\Program Files\Java\jdk1.7.0_55\bin\javaw.exe
0x00000000776e0000 - 0x000000007788a000 	C:\windows\SYSTEM32\ntdll.dll
0x00000000775c0000 - 0x00000000776df000 	C:\windows\system32\kernel32.dll
0x000007fefd8b0000 - 0x000007fefd91b000 	C:\windows\system32\KERNELBASE.dll
0x0000000075380000 - 0x0000000075407000 	C:\windows\System32\SYSFER.DLL
0x000007fefe890000 - 0x000007fefe96b000 	C:\windows\system32\ADVAPI32.dll
0x000007fefdf30000 - 0x000007fefdfcf000 	C:\windows\system32\msvcrt.dll
0x000007fefe400000 - 0x000007fefe41f000 	C:\windows\SYSTEM32\sechost.dll
0x000007fefe420000 - 0x000007fefe54d000 	C:\windows\system32\RPCRT4.dll
0x00000000774c0000 - 0x00000000775ba000 	C:\windows\system32\USER32.dll
0x000007fefe080000 - 0x000007fefe0e7000 	C:\windows\system32\GDI32.dll
0x000007fefe970000 - 0x000007fefe97e000 	C:\windows\system32\LPK.dll
0x000007fefe2e0000 - 0x000007fefe3a9000 	C:\windows\system32\USP10.dll
0x000007fefc6c0000 - 0x000007fefc8b4000 	C:\windows\WinSxS\amd64_microsoft.windows.common-controls_6595b64144ccf1df_6.0.7601.17514_none_fa396087175ac9ac\COMCTL32.dll
0x000007fefebe0000 - 0x000007fefec51000 	C:\windows\system32\SHLWAPI.dll
0x000007fefdce0000 - 0x000007fefdd0e000 	C:\windows\system32\IMM32.DLL
0x000007fefe1d0000 - 0x000007fefe2d9000 	C:\windows\system32\MSCTF.dll
0x000000006cd60000 - 0x000000006ce32000 	C:\Program Files\Java\jdk1.7.0_55\jre\bin\msvcr100.dll
0x000000005bf60000 - 0x000000005c729000 	C:\Program Files\Java\jdk1.7.0_55\jre\bin\server\jvm.dll
0x000007fefa650000 - 0x000007fefa659000 	C:\windows\system32\WSOCK32.dll
0x000007fefe3b0000 - 0x000007fefe3fd000 	C:\windows\system32\WS2_32.dll
0x000007fefdfd0000 - 0x000007fefdfd8000 	C:\windows\system32\NSI.dll
0x000007fefb200000 - 0x000007fefb23b000 	C:\windows\system32\WINMM.dll
0x00000000778b0000 - 0x00000000778b7000 	C:\windows\system32\PSAPI.DLL
0x0000000073460000 - 0x000000007346f000 	C:\Program Files\Java\jdk1.7.0_55\jre\bin\verify.dll
0x000000006d970000 - 0x000000006d998000 	C:\Program Files\Java\jdk1.7.0_55\jre\bin\java.dll
0x000000006f970000 - 0x000000006f985000 	C:\Program Files\Java\jdk1.7.0_55\jre\bin\zip.dll

VM Arguments:
jvm_args: -Dfile.encoding=gbk -Xbootclasspath:C:\workspace\ide\adt-bundle-windows-x86_64-20140321\sdk\platforms\android-19\android.jar;C:\workspace\ide\adt-bundle-windows-x86_64-20140321\sdk\add-ons\addon-google_apis-google-19\libs\effects.jar;C:\workspace\ide\adt-bundle-windows-x86_64-20140321\sdk\add-ons\addon-google_apis-google-19\libs\usb.jar;C:\workspace\ide\adt-bundle-windows-x86_64-20140321\sdk\add-ons\addon-google_apis-google-19\libs\maps.jar 
java_command: cn.com.example.activity.Tab2Fragment
Launcher Type: SUN_STANDARD

Environment Variables:
JAVA_HOME=C:\Program Files\Java\jdk1.7.0_55
CLASSPATH=.;C:\Program Files\Java\jdk1.7.0_55\lib\dt.jar;C:\Program Files\Java\jdk1.7.0_55\lib\tools.jar
PATH=C:/Program Files/Java/jdk1.7.0_55/bin/../jre/bin/server;C:/Program Files/Java/jdk1.7.0_55/bin/../jre/bin;C:/Program Files/Java/jdk1.7.0_55/bin/../jre/lib/amd64;C:\app\jiantao.li\product\11.2.0\client_2;C:\app\jiantao.li\product\11.2.0\client_1\bin;C:\windows\system32;C:\windows;C:\windows\System32\Wbem;C:\windows\System32\WindowsPowerShell\v1.0\;C:\windows\System32\WindowsPowerShell\v1.0\;C:\Program Files\ThinkPad\Bluetooth Software\;C:\Program Files\ThinkPad\Bluetooth Software\syswow64;C:\Program Files\Java\jdk1.7.0_55\bin;C:\Python27;C:\workspace\android\android-ndk-r9;C:\workspace\android\adt-bundle-windows-x86_64-20130729\sdk\platform-tools;C:\Program Files\Microsoft\Web Platform Installer\;C:\Program Files (x86)\Microsoft ASP.NET\ASP.NET Web Pages\v1.0\;C:\Program Files (x86)\Windows Kits\8.0\Windows Performance Toolkit\;C:\Program Files\Microsoft SQL Server\110\Tools\Binn\;C:\workspace\j2ee\vert.x-2.0.1-final\bin;C:\workspace\j2ee\apache-maven-3.1.0\bin;C:\workspace\nodejs\nodejs\;C:\workspace\c++\mongodb\bin;C:\workspace\nodejs\nodejs;C:\workspace\TortoiseSVN\bin;C:\Program Files (x86)\MIT\Kerberos\bin;C:\workspace\j2ee\gradle-1.11\bin;C:\workspace\j2ee\apache-ant-1.9.3\bin\bin;C:\Program Files\Java\jdk1.7.0_55\bin;C:\workspace\android\cocos2d-x-3.0rc2\tools\cocos2d-console\bin;C:\Users\jiantao.li\AppData\Roaming\npm;;C:\workspace\ide\adt-bundle-windows-x86_64-20140321\eclipse;
USERNAME=jiantao.li
OS=Windows_NT
PROCESSOR_IDENTIFIER=Intel64 Family 6 Model 42 Stepping 7, GenuineIntel



---------------  S Y S T E M  ---------------

OS: Windows 7 , 64 bit Build 7601 Service Pack 1

CPU:total 4 (2 cores per cpu, 2 threads per core) family 6 model 42 stepping 7, cmov, cx8, fxsr, mmx, sse, sse2, sse3, ssse3, sse4.1, sse4.2, popcnt, avx, aes, ht, tsc, tscinvbit

Memory: 4k page, physical 4030948k(1031036k free), swap 8060040k(3356536k free)

vm_info: Java HotSpot(TM) 64-Bit Server VM (24.55-b03) for windows-amd64 JRE (1.7.0_55-b13), built on Mar 17 2014 19:45:30 by "java_re" with unknown MS VC++:1600

time: Thu Jun 05 18:40:08 2014
elapsed time: 0 seconds

